<?xml version="1.0" encoding="UTF-8"?>
<testng-results ignored="0" total="10" passed="10" failed="0" skipped="0">
  <reporter-output>
  </reporter-output>
  <suite started-at="2025-05-13T11:15:06 IST" name="Default suite" finished-at="2025-05-13T11:16:19 IST" duration-ms="72447">
    <groups>
    </groups>
    <test started-at="2025-05-13T11:15:06 IST" name="Default test" finished-at="2025-05-13T11:16:19 IST" duration-ms="72447">
      <class name="com.endToEndTesting.loginToEndTesting">
        <test-method is-config="true" signature="chromeSetup()[pri:0, instance:com.endToEndTesting.loginToEndTesting@62ddbd7e]" started-at="2025-05-13T11:15:06 IST" name="chromeSetup" finished-at="2025-05-13T11:15:24 IST" duration-ms="17631" status="PASS">
          <reporter-output>
          </reporter-output>
        </test-method> <!-- chromeSetup -->
        <test-method signature="searchProduct(java.lang.String)[pri:1, instance:com.endToEndTesting.loginToEndTesting@62ddbd7e]" started-at="2025-05-13T11:15:27 IST" name="searchProduct" data-provider="product" finished-at="2025-05-13T11:15:32 IST" duration-ms="5104" status="PASS">
          <params>
            <param index="0">
              <value>
                <![CDATA[Vivo]]>
              </value>
            </param>
          </params>
          <reporter-output>
          </reporter-output>
        </test-method> <!-- searchProduct -->
        <test-method signature="searchProduct(java.lang.String)[pri:1, instance:com.endToEndTesting.loginToEndTesting@62ddbd7e]" started-at="2025-05-13T11:15:32 IST" name="searchProduct" data-provider="product" finished-at="2025-05-13T11:15:38 IST" duration-ms="6002" status="PASS">
          <params>
            <param index="0">
              <value>
                <![CDATA[iphone 11]]>
              </value>
            </param>
          </params>
          <reporter-output>
          </reporter-output>
        </test-method> <!-- searchProduct -->
        <test-method signature="searchProduct(java.lang.String)[pri:1, instance:com.endToEndTesting.loginToEndTesting@62ddbd7e]" started-at="2025-05-13T11:15:38 IST" name="searchProduct" data-provider="product" finished-at="2025-05-13T11:15:42 IST" duration-ms="4342" status="PASS">
          <params>
            <param index="0">
              <value>
                <![CDATA[Samsung]]>
              </value>
            </param>
          </params>
          <reporter-output>
          </reporter-output>
        </test-method> <!-- searchProduct -->
        <test-method signature="searchProduct(java.lang.String)[pri:1, instance:com.endToEndTesting.loginToEndTesting@62ddbd7e]" started-at="2025-05-13T11:15:42 IST" name="searchProduct" data-provider="product" finished-at="2025-05-13T11:15:46 IST" duration-ms="4206" status="PASS">
          <params>
            <param index="0">
              <value>
                <![CDATA[Oppo]]>
              </value>
            </param>
          </params>
          <reporter-output>
          </reporter-output>
        </test-method> <!-- searchProduct -->
        <test-method signature="selectProduct()[pri:2, instance:com.endToEndTesting.loginToEndTesting@62ddbd7e]" started-at="2025-05-13T11:15:46 IST" name="selectProduct" finished-at="2025-05-13T11:15:53 IST" depends-on-methods="com.endToEndTesting.loginToEndTesting.searchProduct" duration-ms="6723" status="PASS">
          <reporter-output>
          </reporter-output>
        </test-method> <!-- selectProduct -->
        <test-method signature="validate()[pri:3, instance:com.endToEndTesting.loginToEndTesting@62ddbd7e]" started-at="2025-05-13T11:15:53 IST" name="validate" finished-at="2025-05-13T11:15:53 IST" depends-on-methods="com.endToEndTesting.loginToEndTesting.selectProduct" duration-ms="238" status="PASS">
          <reporter-output>
          </reporter-output>
        </test-method> <!-- validate -->
        <test-method signature="selectSamsungMobile()[pri:4, instance:com.endToEndTesting.loginToEndTesting@62ddbd7e]" started-at="2025-05-13T11:15:53 IST" name="selectSamsungMobile" finished-at="2025-05-13T11:15:55 IST" depends-on-methods="com.endToEndTesting.loginToEndTesting.validate" duration-ms="1989" status="PASS">
          <reporter-output>
          </reporter-output>
        </test-method> <!-- selectSamsungMobile -->
        <test-method signature="selectXiaomiMobile()[pri:5, instance:com.endToEndTesting.loginToEndTesting@62ddbd7e]" started-at="2025-05-13T11:15:55 IST" name="selectXiaomiMobile" finished-at="2025-05-13T11:16:08 IST" duration-ms="12923" status="PASS">
          <reporter-output>
          </reporter-output>
        </test-method> <!-- selectXiaomiMobile -->
        <test-method signature="addToCartXiaomi()[pri:6, instance:com.endToEndTesting.loginToEndTesting@62ddbd7e]" started-at="2025-05-13T11:16:08 IST" name="addToCartXiaomi" finished-at="2025-05-13T11:16:13 IST" depends-on-methods="com.endToEndTesting.loginToEndTesting.selectXiaomiMobile" duration-ms="4431" status="PASS">
          <reporter-output>
          </reporter-output>
        </test-method> <!-- addToCartXiaomi -->
        <test-method signature="ShoppingCart()[pri:7, instance:com.endToEndTesting.loginToEndTesting@62ddbd7e]" started-at="2025-05-13T11:16:13 IST" name="ShoppingCart" finished-at="2025-05-13T11:16:19 IST" depends-on-methods="com.endToEndTesting.loginToEndTesting.addToCartXiaomi" duration-ms="6080" status="PASS">
          <reporter-output>
          </reporter-output>
        </test-method> <!-- ShoppingCart -->
      </class> <!-- com.endToEndTesting.loginToEndTesting -->
    </test> <!-- Default test -->
  </suite> <!-- Default suite -->
</testng-results>
