<?xml version="1.0" encoding="UTF-8"?>
<testng-results ignored="0" total="11" passed="10" failed="1" skipped="0">
  <reporter-output>
  </reporter-output>
  <suite started-at="2025-05-15T17:44:27 IST" name="Default suite" finished-at="2025-05-15T17:45:58 IST" duration-ms="91019">
    <groups>
    </groups>
    <test started-at="2025-05-15T17:44:27 IST" name="Default test" finished-at="2025-05-15T17:45:58 IST" duration-ms="91019">
      <class name="com.endToEndTesting.loginToEndTesting">
        <test-method is-config="true" signature="chromeSetup()[pri:0, instance:com.endToEndTesting.loginToEndTesting@74e52ef6]" started-at="2025-05-15T17:44:27 IST" name="chromeSetup" finished-at="2025-05-15T17:44:37 IST" duration-ms="9393" status="PASS">
          <reporter-output>
          </reporter-output>
        </test-method> <!-- chromeSetup -->
        <test-method signature="searchProduct(java.lang.String)[pri:1, instance:com.endToEndTesting.loginToEndTesting@74e52ef6]" started-at="2025-05-15T17:44:38 IST" name="searchProduct" data-provider="product" finished-at="2025-05-15T17:44:41 IST" duration-ms="3366" status="PASS">
          <params>
            <param index="0">
              <value>
                <![CDATA[Vivo]]>
              </value>
            </param>
          </params>
          <reporter-output>
          </reporter-output>
        </test-method> <!-- searchProduct -->
        <test-method signature="searchProduct(java.lang.String)[pri:1, instance:com.endToEndTesting.loginToEndTesting@74e52ef6]" started-at="2025-05-15T17:44:41 IST" name="searchProduct" data-provider="product" finished-at="2025-05-15T17:44:46 IST" duration-ms="4501" status="PASS">
          <params>
            <param index="0">
              <value>
                <![CDATA[iphone 11]]>
              </value>
            </param>
          </params>
          <reporter-output>
          </reporter-output>
        </test-method> <!-- searchProduct -->
        <test-method signature="searchProduct(java.lang.String)[pri:1, instance:com.endToEndTesting.loginToEndTesting@74e52ef6]" started-at="2025-05-15T17:44:46 IST" name="searchProduct" data-provider="product" finished-at="2025-05-15T17:44:50 IST" duration-ms="3679" status="PASS">
          <params>
            <param index="0">
              <value>
                <![CDATA[Samsung]]>
              </value>
            </param>
          </params>
          <reporter-output>
          </reporter-output>
        </test-method> <!-- searchProduct -->
        <test-method signature="searchProduct(java.lang.String)[pri:1, instance:com.endToEndTesting.loginToEndTesting@74e52ef6]" started-at="2025-05-15T17:44:50 IST" name="searchProduct" data-provider="product" finished-at="2025-05-15T17:44:53 IST" duration-ms="3774" status="PASS">
          <params>
            <param index="0">
              <value>
                <![CDATA[Oppo]]>
              </value>
            </param>
          </params>
          <reporter-output>
          </reporter-output>
        </test-method> <!-- searchProduct -->
        <test-method signature="selectProduct()[pri:2, instance:com.endToEndTesting.loginToEndTesting@74e52ef6]" started-at="2025-05-15T17:44:53 IST" name="selectProduct" finished-at="2025-05-15T17:44:59 IST" depends-on-methods="com.endToEndTesting.loginToEndTesting.searchProduct" duration-ms="5482" status="PASS">
          <reporter-output>
          </reporter-output>
        </test-method> <!-- selectProduct -->
        <test-method signature="validate()[pri:3, instance:com.endToEndTesting.loginToEndTesting@74e52ef6]" started-at="2025-05-15T17:44:59 IST" name="validate" finished-at="2025-05-15T17:44:59 IST" depends-on-methods="com.endToEndTesting.loginToEndTesting.selectProduct" duration-ms="88" status="PASS">
          <reporter-output>
          </reporter-output>
        </test-method> <!-- validate -->
        <test-method signature="selectSamsungMobile()[pri:4, instance:com.endToEndTesting.loginToEndTesting@74e52ef6]" started-at="2025-05-15T17:44:59 IST" name="selectSamsungMobile" finished-at="2025-05-15T17:45:00 IST" depends-on-methods="com.endToEndTesting.loginToEndTesting.validate" duration-ms="1347" status="PASS">
          <reporter-output>
          </reporter-output>
        </test-method> <!-- selectSamsungMobile -->
        <test-method signature="selectXiaomiMobile()[pri:5, instance:com.endToEndTesting.loginToEndTesting@74e52ef6]" started-at="2025-05-15T17:45:00 IST" name="selectXiaomiMobile" finished-at="2025-05-15T17:45:12 IST" duration-ms="11647" status="PASS">
          <reporter-output>
          </reporter-output>
        </test-method> <!-- selectXiaomiMobile -->
        <test-method signature="addToCartXiaomi()[pri:6, instance:com.endToEndTesting.loginToEndTesting@74e52ef6]" started-at="2025-05-15T17:45:12 IST" name="addToCartXiaomi" finished-at="2025-05-15T17:45:16 IST" depends-on-methods="com.endToEndTesting.loginToEndTesting.selectXiaomiMobile" duration-ms="4039" status="PASS">
          <reporter-output>
          </reporter-output>
        </test-method> <!-- addToCartXiaomi -->
        <test-method signature="ShoppingCart()[pri:7, instance:com.endToEndTesting.loginToEndTesting@74e52ef6]" started-at="2025-05-15T17:45:16 IST" name="ShoppingCart" finished-at="2025-05-15T17:45:22 IST" depends-on-methods="com.endToEndTesting.loginToEndTesting.addToCartXiaomi" duration-ms="6072" status="PASS">
          <reporter-output>
          </reporter-output>
        </test-method> <!-- ShoppingCart -->
        <test-method signature="UserLogin()[pri:8, instance:com.endToEndTesting.loginToEndTesting@74e52ef6]" started-at="2025-05-15T17:45:22 IST" name="UserLogin" finished-at="2025-05-15T17:45:58 IST" duration-ms="36197" status="FAIL">
          <exception class="org.openqa.selenium.ElementClickInterceptedException">
            <message>
              <![CDATA[element click intercepted: Element <input class="form-control" type="number" name="item[609bbc1ae8c3e6fd1dcf914dd199db4c][quantity]" value="6" data-type="number" min="1" max="10000" step="any"> is not clickable at point (865, 564). Other element would receive the click: <div class="loader-wrapper" style="opacity: 0.0989611;">...</div>
  (Session info: chrome=136.0.7103.93)
Build info: version: '4.22.0', revision: 'c5f3146703*'
System info: os.name: 'Windows 11', os.arch: 'amd64', os.version: '10.0', java.version: '21.0.6'
Driver info: org.openqa.selenium.chrome.ChromeDriver
Command: [8533617fccca977207e78c1a73a9776a, clickElement {id=f.4D336270B7F19AE8DA48F7B12927E14B.d.1770CA23AB4D32BA478B8CA5C391EA13.e.23399}]
Capabilities {acceptInsecureCerts: false, browserName: chrome, browserVersion: 136.0.7103.93, chrome: {chromedriverVersion: 136.0.7103.94 (fa0be0b33deb..., userDataDir: C:\Users\MOHAMM~1.AMA\AppDa...}, fedcm:accounts: true, goog:chromeOptions: {debuggerAddress: localhost:63058}, networkConnectionEnabled: false, pageLoadStrategy: normal, platformName: windows, proxy: Proxy(), se:cdp: ws://localhost:63058/devtoo..., se:cdpVersion: 136.0.7103.93, setWindowRect: true, strictFileInteractability: false, timeouts: {implicit: 0, pageLoad: 300000, script: 30000}, unhandledPromptBehavior: dismiss and notify, webauthn:extension:credBlob: true, webauthn:extension:largeBlob: true, webauthn:extension:minPinLength: true, webauthn:extension:prf: true, webauthn:virtualAuthenticators: true}
Element: [[ChromeDriver: chrome on windows (8533617fccca977207e78c1a73a9776a)] -> xpath: //input[@name='item[609bbc1ae8c3e6fd1dcf914dd199db4c][quantity]']]
Session ID: 8533617fccca977207e78c1a73a9776a]]>
            </message>
            <full-stacktrace>
              <![CDATA[org.openqa.selenium.ElementClickInterceptedException: element click intercepted: Element <input class="form-control" type="number" name="item[609bbc1ae8c3e6fd1dcf914dd199db4c][quantity]" value="6" data-type="number" min="1" max="10000" step="any"> is not clickable at point (865, 564). Other element would receive the click: <div class="loader-wrapper" style="opacity: 0.0989611;">...</div>
  (Session info: chrome=136.0.7103.93)
Build info: version: '4.22.0', revision: 'c5f3146703*'
System info: os.name: 'Windows 11', os.arch: 'amd64', os.version: '10.0', java.version: '21.0.6'
Driver info: org.openqa.selenium.chrome.ChromeDriver
Command: [8533617fccca977207e78c1a73a9776a, clickElement {id=f.4D336270B7F19AE8DA48F7B12927E14B.d.1770CA23AB4D32BA478B8CA5C391EA13.e.23399}]
Capabilities {acceptInsecureCerts: false, browserName: chrome, browserVersion: 136.0.7103.93, chrome: {chromedriverVersion: 136.0.7103.94 (fa0be0b33deb..., userDataDir: C:\Users\MOHAMM~1.AMA\AppDa...}, fedcm:accounts: true, goog:chromeOptions: {debuggerAddress: localhost:63058}, networkConnectionEnabled: false, pageLoadStrategy: normal, platformName: windows, proxy: Proxy(), se:cdp: ws://localhost:63058/devtoo..., se:cdpVersion: 136.0.7103.93, setWindowRect: true, strictFileInteractability: false, timeouts: {implicit: 0, pageLoad: 300000, script: 30000}, unhandledPromptBehavior: dismiss and notify, webauthn:extension:credBlob: true, webauthn:extension:largeBlob: true, webauthn:extension:minPinLength: true, webauthn:extension:prf: true, webauthn:virtualAuthenticators: true}
Element: [[ChromeDriver: chrome on windows (8533617fccca977207e78c1a73a9776a)] -> xpath: //input[@name='item[609bbc1ae8c3e6fd1dcf914dd199db4c][quantity]']]
Session ID: 8533617fccca977207e78c1a73a9776a
at java.base/jdk.internal.reflect.DirectConstructorHandleAccessor.newInstance(DirectConstructorHandleAccessor.java:62)
at java.base/java.lang.reflect.Constructor.newInstanceWithCaller(Constructor.java:502)
at java.base/java.lang.reflect.Constructor.newInstance(Constructor.java:486)
at org.openqa.selenium.remote.ErrorCodec.decode(ErrorCodec.java:167)
at org.openqa.selenium.remote.codec.w3c.W3CHttpResponseCodec.decode(W3CHttpResponseCodec.java:138)
at org.openqa.selenium.remote.codec.w3c.W3CHttpResponseCodec.decode(W3CHttpResponseCodec.java:50)
at org.openqa.selenium.remote.HttpCommandExecutor.execute(HttpCommandExecutor.java:190)
at org.openqa.selenium.remote.service.DriverCommandExecutor.invokeExecute(DriverCommandExecutor.java:216)
at org.openqa.selenium.remote.service.DriverCommandExecutor.execute(DriverCommandExecutor.java:174)
at org.openqa.selenium.remote.RemoteWebDriver.execute(RemoteWebDriver.java:518)
at org.openqa.selenium.remote.RemoteWebElement.execute(RemoteWebElement.java:223)
at org.openqa.selenium.remote.RemoteWebElement.click(RemoteWebElement.java:76)
at com.endToEndTesting.loginToEndTesting.UserLogin(loginToEndTesting.java:226)
at java.base/jdk.internal.reflect.DirectMethodHandleAccessor.invoke(DirectMethodHandleAccessor.java:103)
at java.base/java.lang.reflect.Method.invoke(Method.java:580)
at org.testng.internal.invokers.MethodInvocationHelper.invokeMethod(MethodInvocationHelper.java:141)
at org.testng.internal.invokers.TestInvoker.invokeMethod(TestInvoker.java:686)
at org.testng.internal.invokers.TestInvoker.invokeTestMethod(TestInvoker.java:230)
at org.testng.internal.invokers.MethodRunner.runInSequence(MethodRunner.java:63)
at org.testng.internal.invokers.TestInvoker$MethodInvocationAgent.invoke(TestInvoker.java:992)
at org.testng.internal.invokers.TestInvoker.invokeTestMethods(TestInvoker.java:203)
at org.testng.internal.invokers.TestMethodWorker.invokeTestMethods(TestMethodWorker.java:154)
at org.testng.internal.invokers.TestMethodWorker.run(TestMethodWorker.java:134)
at java.base/java.util.ArrayList.forEach(ArrayList.java:1596)
at org.testng.TestRunner.privateRun(TestRunner.java:739)
at org.testng.TestRunner.run(TestRunner.java:614)
at org.testng.SuiteRunner.runTest(SuiteRunner.java:421)
at org.testng.SuiteRunner.runSequentially(SuiteRunner.java:413)
at org.testng.SuiteRunner.privateRun(SuiteRunner.java:373)
at org.testng.SuiteRunner.run(SuiteRunner.java:312)
at org.testng.SuiteRunnerWorker.runSuite(SuiteRunnerWorker.java:52)
at org.testng.SuiteRunnerWorker.run(SuiteRunnerWorker.java:95)
at org.testng.TestNG.runSuitesSequentially(TestNG.java:1274)
at org.testng.TestNG.runSuitesLocally(TestNG.java:1208)
at org.testng.TestNG.runSuites(TestNG.java:1112)
at org.testng.TestNG.run(TestNG.java:1079)
at org.testng.remote.AbstractRemoteTestNG.run(AbstractRemoteTestNG.java:115)
at org.testng.remote.RemoteTestNG.initAndRun(RemoteTestNG.java:293)
at org.testng.remote.RemoteTestNG.main(RemoteTestNG.java:91)
]]>
            </full-stacktrace>
          </exception> <!-- org.openqa.selenium.ElementClickInterceptedException -->
          <reporter-output>
          </reporter-output>
        </test-method> <!-- UserLogin -->
      </class> <!-- com.endToEndTesting.loginToEndTesting -->
    </test> <!-- Default test -->
  </suite> <!-- Default suite -->
</testng-results>
